
> codesandbox-projects@0.2.143 build /home/runner/work/codesandbox-applications/codesandbox-applications/vscode-extension
> pnpm api-schema && pnpm bundle --sourcemap --minify


> codesandbox-projects@0.2.143 api-schema /home/runner/work/codesandbox-applications/codesandbox-applications/vscode-extension
> pnpm clean && graphql-codegen -c ./graphql-codegen.yml


> codesandbox-projects@0.2.143 clean /home/runner/work/codesandbox-applications/codesandbox-applications/vscode-extension
> rimraf ./schemas/** ./documents/**

[STARTED] Parse Configuration
[SUCCESS] Parse Configuration
[STARTED] Generate outputs
[STARTED] Generate to ./src/schemas/index.ts
[STARTED] Generate to ./src/documents/vscode-extension.ts
[STARTED] Load GraphQL schemas
[STARTED] Load GraphQL schemas
[SUCCESS] Load GraphQL schemas
[SUCCESS] Load GraphQL schemas
[STARTED] Load GraphQL documents
[STARTED] Load GraphQL documents
[SUCCESS] Load GraphQL documents
[STARTED] Generate
[SUCCESS] Generate
[SUCCESS] Generate to ./src/schemas/index.ts
[SUCCESS] Load GraphQL documents
[STARTED] Generate
[SUCCESS] Generate
[SUCCESS] Generate to ./src/documents/vscode-extension.ts
[SUCCESS] Generate outputs

> codesandbox-projects@0.2.143 bundle /home/runner/work/codesandbox-applications/codesandbox-applications/vscode-extension
> esbuild ./src/extension.ts --tsconfig=tsconfig.build.json --bundle --outfile=dist/extension.js --external:vscode --format=cjs --platform=node --main-fields=module,main "--sourcemap" "--minify"


  dist/extension.js      1.5mb ⚠️
  dist/extension.js.map  5.9mb

⚡ Done in 319ms
